<?xml version="1.0" encoding="UTF-8"?>
<testsuite xmlns:xsi="http://www.w3.org/2001/XMLSchema-instance" xsi:noNamespaceSchemaLocation="https://maven.apache.org/surefire/maven-surefire-plugin/xsd/surefire-test-report-3.0.xsd" version="3.0" name="com.udacity.catpoint.security.service.SecurityServiceTest" time="1.669" tests="18" errors="0" skipped="0" failures="0">
  <properties>
    <property name="java.specification.version" value="14"/>
    <property name="sun.cpu.isalist" value="amd64"/>
    <property name="sun.jnu.encoding" value="Cp1252"/>
    <property name="java.class.path" value="E:\Java\UdaSecurity\cd0384-java-application-deployment-projectstarter\starter\catpoint-parent\securityService\target\test-classes;C:\Users\afuerst\.m2\repository\com\google\guava\failureaccess\1.0.1\failureaccess-1.0.1.jar;C:\Users\afuerst\.m2\repository\com\google\guava\listenablefuture\9999.0-empty-to-avoid-conflict-with-guava\listenablefuture-9999.0-empty-to-avoid-conflict-with-guava.jar;C:\Users\afuerst\.m2\repository\com\google\code\findbugs\jsr305\3.0.2\jsr305-3.0.2.jar;C:\Users\afuerst\.m2\repository\org\checkerframework\checker-qual\3.12.0\checker-qual-3.12.0.jar;C:\Users\afuerst\.m2\repository\com\google\errorprone\error_prone_annotations\2.7.1\error_prone_annotations-2.7.1.jar;C:\Users\afuerst\.m2\repository\com\google\j2objc\j2objc-annotations\1.3\j2objc-annotations-1.3.jar;C:\Users\afuerst\.m2\repository\software\amazon\awssdk\protocol-core\2.17.130\protocol-core-2.17.130.jar;C:\Users\afuerst\.m2\repository\org\reactivestreams\reactive-streams\1.0.3\reactive-streams-1.0.3.jar;C:\Users\afuerst\.m2\repository\software\amazon\awssdk\annotations\2.17.130\annotations-2.17.130.jar;C:\Users\afuerst\.m2\repository\software\amazon\awssdk\utils\2.17.130\utils-2.17.130.jar;C:\Users\afuerst\.m2\repository\software\amazon\awssdk\http-client-spi\2.17.130\http-client-spi-2.17.130.jar;C:\Users\afuerst\.m2\repository\software\amazon\awssdk\aws-json-protocol\2.17.130\aws-json-protocol-2.17.130.jar;C:\Users\afuerst\.m2\repository\software\amazon\awssdk\third-party-jackson-core\2.17.130\third-party-jackson-core-2.17.130.jar;C:\Users\afuerst\.m2\repository\software\amazon\awssdk\aws-core\2.17.130\aws-core-2.17.130.jar;C:\Users\afuerst\.m2\repository\software\amazon\awssdk\metrics-spi\2.17.130\metrics-spi-2.17.130.jar;C:\Users\afuerst\.m2\repository\software\amazon\awssdk\apache-client\2.17.130\apache-client-2.17.130.jar;C:\Users\afuerst\.m2\repository\org\apache\httpcomponents\httpclient\4.5.13\httpclient-4.5.13.jar;C:\Users\afuerst\.m2\repository\commons-logging\commons-logging\1.2\commons-logging-1.2.jar;C:\Users\afuerst\.m2\repository\commons-codec\commons-codec\1.11\commons-codec-1.11.jar;C:\Users\afuerst\.m2\repository\org\apache\httpcomponents\httpcore\4.4.13\httpcore-4.4.13.jar;C:\Users\afuerst\.m2\repository\software\amazon\awssdk\netty-nio-client\2.17.130\netty-nio-client-2.17.130.jar;C:\Users\afuerst\.m2\repository\io\netty\netty-codec-http\4.1.72.Final\netty-codec-http-4.1.72.Final.jar;C:\Users\afuerst\.m2\repository\io\netty\netty-codec-http2\4.1.72.Final\netty-codec-http2-4.1.72.Final.jar;C:\Users\afuerst\.m2\repository\io\netty\netty-codec\4.1.72.Final\netty-codec-4.1.72.Final.jar;C:\Users\afuerst\.m2\repository\io\netty\netty-transport\4.1.72.Final\netty-transport-4.1.72.Final.jar;C:\Users\afuerst\.m2\repository\io\netty\netty-resolver\4.1.72.Final\netty-resolver-4.1.72.Final.jar;C:\Users\afuerst\.m2\repository\io\netty\netty-common\4.1.72.Final\netty-common-4.1.72.Final.jar;C:\Users\afuerst\.m2\repository\io\netty\netty-buffer\4.1.72.Final\netty-buffer-4.1.72.Final.jar;C:\Users\afuerst\.m2\repository\io\netty\netty-handler\4.1.72.Final\netty-handler-4.1.72.Final.jar;C:\Users\afuerst\.m2\repository\io\netty\netty-tcnative-classes\2.0.46.Final\netty-tcnative-classes-2.0.46.Final.jar;C:\Users\afuerst\.m2\repository\io\netty\netty-transport-classes-epoll\4.1.72.Final\netty-transport-classes-epoll-4.1.72.Final.jar;C:\Users\afuerst\.m2\repository\io\netty\netty-transport-native-unix-common\4.1.72.Final\netty-transport-native-unix-common-4.1.72.Final.jar;C:\Users\afuerst\.m2\repository\com\typesafe\netty\netty-reactive-streams-http\2.0.5\netty-reactive-streams-http-2.0.5.jar;C:\Users\afuerst\.m2\repository\com\typesafe\netty\netty-reactive-streams\2.0.5\netty-reactive-streams-2.0.5.jar;C:\Users\afuerst\.m2\repository\software\amazon\awssdk\profiles\2.17.130\profiles-2.17.130.jar;C:\Users\afuerst\.m2\repository\software\amazon\awssdk\json-utils\2.17.130\json-utils-2.17.130.jar;C:\Users\afuerst\.m2\repository\software\amazon\eventstream\eventstream\1.0.1\eventstream-1.0.1.jar;C:\Users\afuerst\.m2\repository\org\junit\jupiter\junit-jupiter-params\5.7.0\junit-jupiter-params-5.7.0.jar;C:\Users\afuerst\.m2\repository\org\apiguardian\apiguardian-api\1.1.0\apiguardian-api-1.1.0.jar;C:\Users\afuerst\.m2\repository\org\junit\jupiter\junit-jupiter-api\5.8.2\junit-jupiter-api-5.8.2.jar;C:\Users\afuerst\.m2\repository\org\opentest4j\opentest4j\1.2.0\opentest4j-1.2.0.jar;C:\Users\afuerst\.m2\repository\org\junit\platform\junit-platform-commons\1.8.2\junit-platform-commons-1.8.2.jar;C:\Users\afuerst\.m2\repository\org\mockito\mockito-junit-jupiter\4.3.1\mockito-junit-jupiter-4.3.1.jar;C:\Users\afuerst\.m2\repository\org\mockito\mockito-core\4.3.1\mockito-core-4.3.1.jar;C:\Users\afuerst\.m2\repository\net\bytebuddy\byte-buddy\1.12.7\byte-buddy-1.12.7.jar;C:\Users\afuerst\.m2\repository\net\bytebuddy\byte-buddy-agent\1.12.7\byte-buddy-agent-1.12.7.jar;C:\Users\afuerst\.m2\repository\org\objenesis\objenesis\3.2\objenesis-3.2.jar;"/>
    <property name="java.vm.vendor" value="Oracle Corporation"/>
    <property name="sun.arch.data.model" value="64"/>
    <property name="user.variant" value=""/>
    <property name="java.vendor.url" value="https://java.oracle.com/"/>
    <property name="user.timezone" value="Europe/Berlin"/>
    <property name="os.name" value="Windows 10"/>
    <property name="java.vm.specification.version" value="14"/>
    <property name="sun.java.launcher" value="SUN_STANDARD"/>
    <property name="user.country" value="DE"/>
    <property name="sun.boot.library.path" value="C:\Program Files\Java\jdk-14.0.2\bin"/>
    <property name="sun.java.command" value="org.apache.maven.surefire.booter.ForkedBooter C:\Users\afuerst\AppData\Local\Temp\surefire15099543668173158045 2022-02-20T17-33-07_276-jvmRun1 surefire17683968213594452087tmp surefire_12903108435245357117tmp"/>
    <property name="jdk.debug" value="release"/>
    <property name="surefire.test.class.path" value="E:\Java\UdaSecurity\cd0384-java-application-deployment-projectstarter\starter\catpoint-parent\securityService\target\test-classes;C:\Users\afuerst\.m2\repository\com\google\guava\failureaccess\1.0.1\failureaccess-1.0.1.jar;C:\Users\afuerst\.m2\repository\com\google\guava\listenablefuture\9999.0-empty-to-avoid-conflict-with-guava\listenablefuture-9999.0-empty-to-avoid-conflict-with-guava.jar;C:\Users\afuerst\.m2\repository\com\google\code\findbugs\jsr305\3.0.2\jsr305-3.0.2.jar;C:\Users\afuerst\.m2\repository\org\checkerframework\checker-qual\3.12.0\checker-qual-3.12.0.jar;C:\Users\afuerst\.m2\repository\com\google\errorprone\error_prone_annotations\2.7.1\error_prone_annotations-2.7.1.jar;C:\Users\afuerst\.m2\repository\com\google\j2objc\j2objc-annotations\1.3\j2objc-annotations-1.3.jar;C:\Users\afuerst\.m2\repository\software\amazon\awssdk\protocol-core\2.17.130\protocol-core-2.17.130.jar;C:\Users\afuerst\.m2\repository\org\reactivestreams\reactive-streams\1.0.3\reactive-streams-1.0.3.jar;C:\Users\afuerst\.m2\repository\software\amazon\awssdk\annotations\2.17.130\annotations-2.17.130.jar;C:\Users\afuerst\.m2\repository\software\amazon\awssdk\utils\2.17.130\utils-2.17.130.jar;C:\Users\afuerst\.m2\repository\software\amazon\awssdk\http-client-spi\2.17.130\http-client-spi-2.17.130.jar;C:\Users\afuerst\.m2\repository\software\amazon\awssdk\aws-json-protocol\2.17.130\aws-json-protocol-2.17.130.jar;C:\Users\afuerst\.m2\repository\software\amazon\awssdk\third-party-jackson-core\2.17.130\third-party-jackson-core-2.17.130.jar;C:\Users\afuerst\.m2\repository\software\amazon\awssdk\aws-core\2.17.130\aws-core-2.17.130.jar;C:\Users\afuerst\.m2\repository\software\amazon\awssdk\metrics-spi\2.17.130\metrics-spi-2.17.130.jar;C:\Users\afuerst\.m2\repository\software\amazon\awssdk\apache-client\2.17.130\apache-client-2.17.130.jar;C:\Users\afuerst\.m2\repository\org\apache\httpcomponents\httpclient\4.5.13\httpclient-4.5.13.jar;C:\Users\afuerst\.m2\repository\commons-logging\commons-logging\1.2\commons-logging-1.2.jar;C:\Users\afuerst\.m2\repository\commons-codec\commons-codec\1.11\commons-codec-1.11.jar;C:\Users\afuerst\.m2\repository\org\apache\httpcomponents\httpcore\4.4.13\httpcore-4.4.13.jar;C:\Users\afuerst\.m2\repository\software\amazon\awssdk\netty-nio-client\2.17.130\netty-nio-client-2.17.130.jar;C:\Users\afuerst\.m2\repository\io\netty\netty-codec-http\4.1.72.Final\netty-codec-http-4.1.72.Final.jar;C:\Users\afuerst\.m2\repository\io\netty\netty-codec-http2\4.1.72.Final\netty-codec-http2-4.1.72.Final.jar;C:\Users\afuerst\.m2\repository\io\netty\netty-codec\4.1.72.Final\netty-codec-4.1.72.Final.jar;C:\Users\afuerst\.m2\repository\io\netty\netty-transport\4.1.72.Final\netty-transport-4.1.72.Final.jar;C:\Users\afuerst\.m2\repository\io\netty\netty-resolver\4.1.72.Final\netty-resolver-4.1.72.Final.jar;C:\Users\afuerst\.m2\repository\io\netty\netty-common\4.1.72.Final\netty-common-4.1.72.Final.jar;C:\Users\afuerst\.m2\repository\io\netty\netty-buffer\4.1.72.Final\netty-buffer-4.1.72.Final.jar;C:\Users\afuerst\.m2\repository\io\netty\netty-handler\4.1.72.Final\netty-handler-4.1.72.Final.jar;C:\Users\afuerst\.m2\repository\io\netty\netty-tcnative-classes\2.0.46.Final\netty-tcnative-classes-2.0.46.Final.jar;C:\Users\afuerst\.m2\repository\io\netty\netty-transport-classes-epoll\4.1.72.Final\netty-transport-classes-epoll-4.1.72.Final.jar;C:\Users\afuerst\.m2\repository\io\netty\netty-transport-native-unix-common\4.1.72.Final\netty-transport-native-unix-common-4.1.72.Final.jar;C:\Users\afuerst\.m2\repository\com\typesafe\netty\netty-reactive-streams-http\2.0.5\netty-reactive-streams-http-2.0.5.jar;C:\Users\afuerst\.m2\repository\com\typesafe\netty\netty-reactive-streams\2.0.5\netty-reactive-streams-2.0.5.jar;C:\Users\afuerst\.m2\repository\software\amazon\awssdk\profiles\2.17.130\profiles-2.17.130.jar;C:\Users\afuerst\.m2\repository\software\amazon\awssdk\json-utils\2.17.130\json-utils-2.17.130.jar;C:\Users\afuerst\.m2\repository\software\amazon\eventstream\eventstream\1.0.1\eventstream-1.0.1.jar;C:\Users\afuerst\.m2\repository\org\junit\jupiter\junit-jupiter-params\5.7.0\junit-jupiter-params-5.7.0.jar;C:\Users\afuerst\.m2\repository\org\apiguardian\apiguardian-api\1.1.0\apiguardian-api-1.1.0.jar;C:\Users\afuerst\.m2\repository\org\junit\jupiter\junit-jupiter-api\5.8.2\junit-jupiter-api-5.8.2.jar;C:\Users\afuerst\.m2\repository\org\opentest4j\opentest4j\1.2.0\opentest4j-1.2.0.jar;C:\Users\afuerst\.m2\repository\org\junit\platform\junit-platform-commons\1.8.2\junit-platform-commons-1.8.2.jar;C:\Users\afuerst\.m2\repository\org\mockito\mockito-junit-jupiter\4.3.1\mockito-junit-jupiter-4.3.1.jar;C:\Users\afuerst\.m2\repository\org\mockito\mockito-core\4.3.1\mockito-core-4.3.1.jar;C:\Users\afuerst\.m2\repository\net\bytebuddy\byte-buddy\1.12.7\byte-buddy-1.12.7.jar;C:\Users\afuerst\.m2\repository\net\bytebuddy\byte-buddy-agent\1.12.7\byte-buddy-agent-1.12.7.jar;C:\Users\afuerst\.m2\repository\org\objenesis\objenesis\3.2\objenesis-3.2.jar;"/>
    <property name="sun.cpu.endian" value="little"/>
    <property name="user.home" value="C:\Users\afuerst"/>
    <property name="user.language" value="de"/>
    <property name="java.specification.vendor" value="Oracle Corporation"/>
    <property name="jdk.module.path" value="E:\Java\UdaSecurity\cd0384-java-application-deployment-projectstarter\starter\catpoint-parent\securityService\target\classes;C:\Users\afuerst\.m2\repository\com\google\guava\guava\31.0.1-jre\guava-31.0.1-jre.jar;C:\Users\afuerst\.m2\repository\com\google\code\gson\gson\2.9.0\gson-2.9.0.jar;C:\Users\afuerst\.m2\repository\com\miglayout\miglayout\3.7.4\miglayout-3.7.4.jar;E:\Java\UdaSecurity\cd0384-java-application-deployment-projectstarter\starter\catpoint-parent\imageService\target\imageService-1.0-SNAPSHOT.jar;C:\Users\afuerst\.m2\repository\software\amazon\awssdk\sdk-core\2.17.130\sdk-core-2.17.130.jar;C:\Users\afuerst\.m2\repository\software\amazon\awssdk\rekognition\2.17.130\rekognition-2.17.130.jar;C:\Users\afuerst\.m2\repository\software\amazon\awssdk\regions\2.17.130\regions-2.17.130.jar;C:\Users\afuerst\.m2\repository\software\amazon\awssdk\auth\2.17.130\auth-2.17.130.jar;C:\Users\afuerst\.m2\repository\org\slf4j\slf4j-api\1.7.36\slf4j-api-1.7.36.jar"/>
    <property name="java.version.date" value="2020-07-14"/>
    <property name="java.home" value="C:\Program Files\Java\jdk-14.0.2"/>
    <property name="file.separator" value="\"/>
    <property name="basedir" value="E:\Java\UdaSecurity\cd0384-java-application-deployment-projectstarter\starter\catpoint-parent\securityService"/>
    <property name="java.vm.compressedOopsMode" value="Zero based"/>
    <property name="line.separator" value="&#10;"/>
    <property name="java.vm.specification.vendor" value="Oracle Corporation"/>
    <property name="java.specification.name" value="Java Platform API Specification"/>
    <property name="surefire.real.class.path" value="C:\Users\afuerst\.m2\repository\org\apache\maven\surefire\surefire-booter\3.0.0-M5\surefire-booter-3.0.0-M5.jar;C:\Users\afuerst\.m2\repository\org\apache\maven\surefire\surefire-api\3.0.0-M5\surefire-api-3.0.0-M5.jar;C:\Users\afuerst\.m2\repository\org\apache\maven\surefire\surefire-logger-api\3.0.0-M5\surefire-logger-api-3.0.0-M5.jar;C:\Users\afuerst\.m2\repository\org\apache\maven\surefire\surefire-shared-utils\3.0.0-M4\surefire-shared-utils-3.0.0-M4.jar;C:\Users\afuerst\.m2\repository\org\apache\maven\surefire\surefire-extensions-spi\3.0.0-M5\surefire-extensions-spi-3.0.0-M5.jar;E:\Java\UdaSecurity\cd0384-java-application-deployment-projectstarter\starter\catpoint-parent\securityService\target\test-classes;C:\Users\afuerst\.m2\repository\com\google\guava\failureaccess\1.0.1\failureaccess-1.0.1.jar;C:\Users\afuerst\.m2\repository\com\google\guava\listenablefuture\9999.0-empty-to-avoid-conflict-with-guava\listenablefuture-9999.0-empty-to-avoid-conflict-with-guava.jar;C:\Users\afuerst\.m2\repository\com\google\code\findbugs\jsr305\3.0.2\jsr305-3.0.2.jar;C:\Users\afuerst\.m2\repository\org\checkerframework\checker-qual\3.12.0\checker-qual-3.12.0.jar;C:\Users\afuerst\.m2\repository\com\google\errorprone\error_prone_annotations\2.7.1\error_prone_annotations-2.7.1.jar;C:\Users\afuerst\.m2\repository\com\google\j2objc\j2objc-annotations\1.3\j2objc-annotations-1.3.jar;C:\Users\afuerst\.m2\repository\software\amazon\awssdk\protocol-core\2.17.130\protocol-core-2.17.130.jar;C:\Users\afuerst\.m2\repository\org\reactivestreams\reactive-streams\1.0.3\reactive-streams-1.0.3.jar;C:\Users\afuerst\.m2\repository\software\amazon\awssdk\annotations\2.17.130\annotations-2.17.130.jar;C:\Users\afuerst\.m2\repository\software\amazon\awssdk\utils\2.17.130\utils-2.17.130.jar;C:\Users\afuerst\.m2\repository\software\amazon\awssdk\http-client-spi\2.17.130\http-client-spi-2.17.130.jar;C:\Users\afuerst\.m2\repository\software\amazon\awssdk\aws-json-protocol\2.17.130\aws-json-protocol-2.17.130.jar;C:\Users\afuerst\.m2\repository\software\amazon\awssdk\third-party-jackson-core\2.17.130\third-party-jackson-core-2.17.130.jar;C:\Users\afuerst\.m2\repository\software\amazon\awssdk\aws-core\2.17.130\aws-core-2.17.130.jar;C:\Users\afuerst\.m2\repository\software\amazon\awssdk\metrics-spi\2.17.130\metrics-spi-2.17.130.jar;C:\Users\afuerst\.m2\repository\software\amazon\awssdk\apache-client\2.17.130\apache-client-2.17.130.jar;C:\Users\afuerst\.m2\repository\org\apache\httpcomponents\httpclient\4.5.13\httpclient-4.5.13.jar;C:\Users\afuerst\.m2\repository\commons-logging\commons-logging\1.2\commons-logging-1.2.jar;C:\Users\afuerst\.m2\repository\commons-codec\commons-codec\1.11\commons-codec-1.11.jar;C:\Users\afuerst\.m2\repository\org\apache\httpcomponents\httpcore\4.4.13\httpcore-4.4.13.jar;C:\Users\afuerst\.m2\repository\software\amazon\awssdk\netty-nio-client\2.17.130\netty-nio-client-2.17.130.jar;C:\Users\afuerst\.m2\repository\io\netty\netty-codec-http\4.1.72.Final\netty-codec-http-4.1.72.Final.jar;C:\Users\afuerst\.m2\repository\io\netty\netty-codec-http2\4.1.72.Final\netty-codec-http2-4.1.72.Final.jar;C:\Users\afuerst\.m2\repository\io\netty\netty-codec\4.1.72.Final\netty-codec-4.1.72.Final.jar;C:\Users\afuerst\.m2\repository\io\netty\netty-transport\4.1.72.Final\netty-transport-4.1.72.Final.jar;C:\Users\afuerst\.m2\repository\io\netty\netty-resolver\4.1.72.Final\netty-resolver-4.1.72.Final.jar;C:\Users\afuerst\.m2\repository\io\netty\netty-common\4.1.72.Final\netty-common-4.1.72.Final.jar;C:\Users\afuerst\.m2\repository\io\netty\netty-buffer\4.1.72.Final\netty-buffer-4.1.72.Final.jar;C:\Users\afuerst\.m2\repository\io\netty\netty-handler\4.1.72.Final\netty-handler-4.1.72.Final.jar;C:\Users\afuerst\.m2\repository\io\netty\netty-tcnative-classes\2.0.46.Final\netty-tcnative-classes-2.0.46.Final.jar;C:\Users\afuerst\.m2\repository\io\netty\netty-transport-classes-epoll\4.1.72.Final\netty-transport-classes-epoll-4.1.72.Final.jar;C:\Users\afuerst\.m2\repository\io\netty\netty-transport-native-unix-common\4.1.72.Final\netty-transport-native-unix-common-4.1.72.Final.jar;C:\Users\afuerst\.m2\repository\com\typesafe\netty\netty-reactive-streams-http\2.0.5\netty-reactive-streams-http-2.0.5.jar;C:\Users\afuerst\.m2\repository\com\typesafe\netty\netty-reactive-streams\2.0.5\netty-reactive-streams-2.0.5.jar;C:\Users\afuerst\.m2\repository\software\amazon\awssdk\profiles\2.17.130\profiles-2.17.130.jar;C:\Users\afuerst\.m2\repository\software\amazon\awssdk\json-utils\2.17.130\json-utils-2.17.130.jar;C:\Users\afuerst\.m2\repository\software\amazon\eventstream\eventstream\1.0.1\eventstream-1.0.1.jar;C:\Users\afuerst\.m2\repository\org\junit\jupiter\junit-jupiter-params\5.7.0\junit-jupiter-params-5.7.0.jar;C:\Users\afuerst\.m2\repository\org\apiguardian\apiguardian-api\1.1.0\apiguardian-api-1.1.0.jar;C:\Users\afuerst\.m2\repository\org\junit\jupiter\junit-jupiter-api\5.8.2\junit-jupiter-api-5.8.2.jar;C:\Users\afuerst\.m2\repository\org\opentest4j\opentest4j\1.2.0\opentest4j-1.2.0.jar;C:\Users\afuerst\.m2\repository\org\junit\platform\junit-platform-commons\1.8.2\junit-platform-commons-1.8.2.jar;C:\Users\afuerst\.m2\repository\org\mockito\mockito-junit-jupiter\4.3.1\mockito-junit-jupiter-4.3.1.jar;C:\Users\afuerst\.m2\repository\org\mockito\mockito-core\4.3.1\mockito-core-4.3.1.jar;C:\Users\afuerst\.m2\repository\net\bytebuddy\byte-buddy\1.12.7\byte-buddy-1.12.7.jar;C:\Users\afuerst\.m2\repository\net\bytebuddy\byte-buddy-agent\1.12.7\byte-buddy-agent-1.12.7.jar;C:\Users\afuerst\.m2\repository\org\objenesis\objenesis\3.2\objenesis-3.2.jar;C:\Users\afuerst\.m2\repository\org\apache\maven\surefire\surefire-junit-platform\3.0.0-M5\surefire-junit-platform-3.0.0-M5.jar;C:\Users\afuerst\.m2\repository\org\apache\maven\surefire\common-java5\3.0.0-M5\common-java5-3.0.0-M5.jar;C:\Users\afuerst\.m2\repository\org\junit\platform\junit-platform-launcher\1.8.2\junit-platform-launcher-1.8.2.jar;C:\Users\afuerst\.m2\repository\org\junit\platform\junit-platform-engine\1.8.2\junit-platform-engine-1.8.2.jar;C:\Users\afuerst\.m2\repository\org\junit\jupiter\junit-jupiter-engine\5.8.2\junit-jupiter-engine-5.8.2.jar"/>
    <property name="user.script" value=""/>
    <property name="sun.management.compiler" value="HotSpot 64-Bit Tiered Compilers"/>
    <property name="java.runtime.version" value="14.0.2+12-46"/>
    <property name="user.name" value="afuerst"/>
    <property name="path.separator" value=";"/>
    <property name="os.version" value="10.0"/>
    <property name="java.runtime.name" value="Java(TM) SE Runtime Environment"/>
    <property name="file.encoding" value="Cp1252"/>
    <property name="java.vm.name" value="Java HotSpot(TM) 64-Bit Server VM"/>
    <property name="localRepository" value="C:\Users\afuerst\.m2\repository"/>
    <property name="java.vendor.url.bug" value="https://bugreport.java.com/bugreport/"/>
    <property name="java.io.tmpdir" value="C:\Users\afuerst\AppData\Local\Temp\"/>
    <property name="java.version" value="14.0.2"/>
    <property name="user.dir" value="E:\Java\UdaSecurity\cd0384-java-application-deployment-projectstarter\starter\catpoint-parent\securityService"/>
    <property name="os.arch" value="amd64"/>
    <property name="java.vm.specification.name" value="Java Virtual Machine Specification"/>
    <property name="sun.os.patch.level" value=""/>
    <property name="java.library.path" value="C:\Program Files\Java\jdk-14.0.2\bin;C:\WINDOWS\Sun\Java\bin;C:\WINDOWS\system32;C:\WINDOWS;C:\Program Files\Common Files\Oracle\Java\javapath;C:\PROGRAM FILES (X86)\RAZER\CHROMABROADCAST\BIN;C:\PROGRAM FILES\RAZER\CHROMABROADCAST\BIN;C:\PROGRAM FILES (X86)\COMMON FILES\ORACLE\JAVA\JAVAPATH;C:\PROGRAM FILES (X86)\INTEL\ICLS CLIENT\;C:\PROGRAM FILES\INTEL\ICLS CLIENT\;C:\WINDOWS\SYSTEM32;C:\WINDOWS;C:\WINDOWS\SYSTEM32\WBEM;C:\WINDOWS\SYSTEM32\WINDOWSPOWERSHELL\V1.0\;C:\PROGRAM FILES (X86)\NVIDIA CORPORATION\PHYSX\COMMON;C:\PROGRAM FILES (X86)\INTEL\INTEL(R) MANAGEMENT ENGINE COMPONENTS\DAL;C:\PROGRAM FILES\INTEL\INTEL(R) MANAGEMENT ENGINE COMPONENTS\DAL;C:\PROGRAM FILES (X86)\INTEL\INTEL(R) MANAGEMENT ENGINE COMPONENTS\IPT;C:\PROGRAM FILES\INTEL\INTEL(R) MANAGEMENT ENGINE COMPONENTS\IPT;C:\WINDOWS\SYSTEM32\OPENSSH\;C:\PROGRAM FILES\INTEL\WIFI\BIN\;C:\PROGRAM FILES\COMMON FILES\INTEL\WIRELESSCOMMON\;C:\PROGRAM FILES (X86)\MICROSOFT SQL SERVER\150\DTS\BINN\;C:\PROGRAM FILES\NVIDIA CORPORATION\NVIDIA NVDLISR;C:\WINDOWS\SYSTEM32\CONFIG\SYSTEMPROFILE\APPDATA\LOCAL\MICROSOFT\WINDOWSAPPS;C:\WINDOWS\system32;C:\WINDOWS\System32\Wbem;C:\WINDOWS\System32\WindowsPowerShell\v1.0\;C:\WINDOWS\System32\OpenSSH\;C:\Program Files\Docker\Docker\resources\bin;C:\ProgramData\DockerDesktop\version-bin;C:\Program Files\PuTTY\;C:\WINDOWS\system32;C:\WINDOWS;C:\WINDOWS\System32\Wbem;C:\WINDOWS\System32\WindowsPowerShell\v1.0\;C:\WINDOWS\System32\OpenSSH\;C:\Program Files\apache-maven-3.8.4\bin;C:\Program Files\apache-maven-3.8.4\bin;C:\Program Files\Java\jdk-14.0.2\bin;C:\Users\afuerst\Anaconda3;C:\Users\afuerst\Anaconda3\Library\mingw-w64\bin;C:\Users\afuerst\Anaconda3\Library\usr\bin;C:\Users\afuerst\Anaconda3\Library\bin;C:\Users\afuerst\Anaconda3\Scripts;C:\Python38\Scripts\;C:\Python38\;C:\Users\afuerst\AppData\Local\Microsoft\WindowsApps;C:\Users\afuerst\AppData\Local\Programs\Git\cmd;;."/>
    <property name="java.vm.info" value="mixed mode"/>
    <property name="java.vendor" value="Oracle Corporation"/>
    <property name="java.vm.version" value="14.0.2+12-46"/>
    <property name="sun.io.unicode.encoding" value="UnicodeLittle"/>
    <property name="java.class.version" value="58.0"/>
  </properties>
  <testcase name="statusListener" classname="com.udacity.catpoint.security.service.SecurityServiceTest" time="1.191"/>
  <testcase name="changeSensorActivationStatus_armedPendingAndInactiveSensor_returnNoAlarm" classname="com.udacity.catpoint.security.service.SecurityServiceTest" time="0.103"/>
  <testcase name="setArmingStatus_disarmSystem_returnAlarm" classname="com.udacity.catpoint.security.service.SecurityServiceTest" time="0.006"/>
  <testcase name="changeSensorActivationStatus_armedPendingAndActivatedSensor_returnAlarm(ArmingStatus)[1]" classname="com.udacity.catpoint.security.service.SecurityServiceTest" time="0.067"/>
  <testcase name="changeSensorActivationStatus_armedPendingAndActivatedSensor_returnAlarm(ArmingStatus)[2]" classname="com.udacity.catpoint.security.service.SecurityServiceTest" time="0.009"/>
  <testcase name="processImage_noActiveSensorsAndNoCatImage_returnNoAlarm" classname="com.udacity.catpoint.security.service.SecurityServiceTest" time="0.027"/>
  <testcase name="changeSensorActivationStatus_armedAndActivatedSensor_returnPendingAlarm(ArmingStatus)[1]" classname="com.udacity.catpoint.security.service.SecurityServiceTest" time="0.013"/>
  <testcase name="changeSensorActivationStatus_armedAndActivatedSensor_returnPendingAlarm(ArmingStatus)[2]" classname="com.udacity.catpoint.security.service.SecurityServiceTest" time="0.011"/>
  <testcase name="processImage_armedHomeAndCatImage_returnAlarm" classname="com.udacity.catpoint.security.service.SecurityServiceTest" time="0.007"/>
  <testcase name="changeSensorActivationStatus_pendingAndSensorActiveAndActivatedAgain_returnAlarm" classname="com.udacity.catpoint.security.service.SecurityServiceTest" time="0.006"/>
  <testcase name="setArmingStatus_disarmedCatImageThenArmed_returnAlarm(ArmingStatus)[1]" classname="com.udacity.catpoint.security.service.SecurityServiceTest" time="0.011"/>
  <testcase name="setArmingStatus_disarmedCatImageThenArmed_returnAlarm(ArmingStatus)[2]" classname="com.udacity.catpoint.security.service.SecurityServiceTest" time="0.011"/>
  <testcase name="setArmingStatus_armedSystem_deactivateAllSensors(ArmingStatus)[1]" classname="com.udacity.catpoint.security.service.SecurityServiceTest" time="0.019"/>
  <testcase name="setArmingStatus_armedSystem_deactivateAllSensors(ArmingStatus)[2]" classname="com.udacity.catpoint.security.service.SecurityServiceTest" time="0.007"/>
  <testcase name="changeSensorActivationStatus_alarmActiveAndChangeSensorState_returnNoAlarmChange" classname="com.udacity.catpoint.security.service.SecurityServiceTest" time="0.008"/>
  <testcase name="processImage_armedCatDetected_returnAlarm" classname="com.udacity.catpoint.security.service.SecurityServiceTest" time="0.01"/>
  <testcase name="processImage_ActiveSensorsAndNoCatImage_returnAlarm" classname="com.udacity.catpoint.security.service.SecurityServiceTest" time="0.005"/>
  <testcase name="changeSensorActivationStatus_deactivatedSensorGetsDeactivated_returnNoAlarmChanges" classname="com.udacity.catpoint.security.service.SecurityServiceTest" time="0.004"/>
</testsuite>